

        Input node list
   n        x           y

   1     0.00000     0.00000
   2     0.00000     0.02000
   3     0.00000     0.04000
   4     0.00000     0.06000
   5     0.00000     0.08000
   6     0.00000     0.10000
   7     0.02000     0.00000
   8     0.02000     0.02000
   9     0.02000     0.04000
  10     0.02000     0.06000
  11     0.02000     0.08000
  12     0.02000     0.10000
  13     0.04000     0.00000
  14     0.04000     0.02000
  15     0.04000     0.04000
  16     0.04000     0.06000
  17     0.04000     0.08000
  18     0.04000     0.10000
  19     0.06000     0.00000
  20     0.06000     0.02000
  21     0.06000     0.04000
  22     0.06000     0.06000
  23     0.06000     0.08000
  24     0.06000     0.10000
  25     0.08000     0.00000
  26     0.08000     0.02000
  27     0.08000     0.04000
  28     0.08000     0.06000
  29     0.08000     0.08000
  30     0.10000     0.00000
  31     0.10000     0.02000
  32     0.10000     0.04000
  33     0.10000     0.06000
  34     0.10000     0.08000


      Input element list
   i     j     k      Source

   1     7     8  0.0000    
   1     8     2  0.0000    
   2     8     9  0.0000    
   2     9     3  0.0000    
   3     9    10  0.0000    
   3    10     4  0.0000    
   4    10    11  0.0000    
   4    11     5  0.0000    
   5    11    12  0.0000    
   5    12     6  0.0000    
   7    13    14  0.0000    
   7    14     8  0.0000    
   8    14    15  0.0000    
   8    15     9  0.0000    
   9    15    16  0.0000    
   9    16    10  0.0000    
  10    16    17  0.0000    
  10    17    11  0.0000    
  11    17    18  0.0000    
  11    18    12  0.0000    
  13    19    20  0.0000    
  13    20    14  0.0000    
  14    20    21  0.0000    
  14    21    15  0.0000    
  15    21    22  0.0000    
  15    22    16  0.0000    
  16    22    23  0.0000    
  16    23    17  0.0000    
  17    23    24  0.0000    
  17    24    18  0.0000    
  19    25    26  0.0000    
  19    26    20  0.0000    
  20    26    27  0.0000    
  20    27    21  0.0000    
  21    27    28  0.0000    
  21    28    22  0.0000    
  22    28    29  0.0000    
  22    29    23  0.0000    
  25    30    31  0.0000    
  25    31    26  0.0000    
  26    31    32  0.0000    
  26    32    27  0.0000    
  27    32    33  0.0000    
  27    33    28  0.0000    
  28    33    34  0.0000    
  28    34    29  0.0000    


     Input fixed potentials
      node            value

        1            0.00000
        2            0.00000
        3            0.00000
        4            0.00000
        5            0.00000
        6            0.00000
        7            0.00000
       13            0.00000
       19            0.00000
       23           15.00000
       24           15.00000
       25            0.00000
       29           15.00000
       30            0.00000
       34           15.00000


            Final solution
   i        x         y       potential

   1     0.00000   0.00000      0.00000
   2     0.00000   0.02000      0.00000
   3     0.00000   0.04000      0.00000
   4     0.00000   0.06000      0.00000
   5     0.00000   0.08000      0.00000
   6     0.00000   0.10000      0.00000
   7     0.02000   0.00000      0.00000
   8     0.02000   0.02000      0.95708
   9     0.02000   0.04000      1.96668
  10     0.02000   0.06000      3.02620
  11     0.02000   0.08000      3.95905
  12     0.02000   0.10000      4.25249
  13     0.04000   0.00000      0.00000
  14     0.04000   0.02000      1.86163
  15     0.04000   0.04000      3.88343
  16     0.04000   0.06000      6.17907
  17     0.04000   0.08000      8.55750
  18     0.04000   0.10000      9.09187
  19     0.06000   0.00000      0.00000
  20     0.06000   0.02000      2.60600
  21     0.06000   0.04000      5.52634
  22     0.06000   0.06000      9.24916
  23     0.06000   0.08000     15.00000
  24     0.06000   0.10000     15.00000
  25     0.08000   0.00000      0.00000
  26     0.08000   0.02000      3.03604
  27     0.08000   0.04000      6.36678
  28     0.08000   0.06000     10.29123
  29     0.08000   0.08000     15.00000
  30     0.10000   0.00000      0.00000
  31     0.10000   0.02000      3.17139
  32     0.10000   0.04000      6.61348
  33     0.10000   0.06000     10.54899
  34     0.10000   0.08000     15.00000
